0 info it worked if it ends with ok
1 verbose cli [ 'C:\\Users\\SDenis\\AppData\\Local\\.meteor\\packages\\meteor-tool\\1.3.0_3\\mt-os.windows.x86_32\\dev_bundle\\bin\\\\node.exe',
1 verbose cli   'C:\\Users\\SDenis\\AppData\\Local\\.meteor\\packages\\meteor-tool\\1.3.0_3\\mt-os.windows.x86_32\\dev_bundle\\lib\\node_modules\\npm\\bin\\npm-cli.js',
1 verbose cli   'publish' ]
2 info using npm@2.14.22
3 info using node@v0.10.43
4 verbose publish [ '.' ]
5 verbose stack Error: Failed to parse json
5 verbose stack Trailing comma in object at 25:3
5 verbose stack   }
5 verbose stack   ^
5 verbose stack     at parseError (C:\Users\SDenis\AppData\Local\.meteor\packages\meteor-tool\1.3.0_3\mt-os.windows.x86_32\dev_bundle\lib\node_modules\npm\node_modules\read-package-json\read-json.js:379:11)
5 verbose stack     at parseJson (C:\Users\SDenis\AppData\Local\.meteor\packages\meteor-tool\1.3.0_3\mt-os.windows.x86_32\dev_bundle\lib\node_modules\npm\node_modules\read-package-json\read-json.js:68:23)
5 verbose stack     at C:\Users\SDenis\AppData\Local\.meteor\packages\meteor-tool\1.3.0_3\mt-os.windows.x86_32\dev_bundle\lib\node_modules\npm\node_modules\read-package-json\read-json.js:48:5
5 verbose stack     at C:\Users\SDenis\AppData\Local\.meteor\packages\meteor-tool\1.3.0_3\mt-os.windows.x86_32\dev_bundle\lib\node_modules\npm\node_modules\graceful-fs\graceful-fs.js:78:16
5 verbose stack     at fs.js:272:14
5 verbose stack     at C:\Users\SDenis\AppData\Local\.meteor\packages\meteor-tool\1.3.0_3\mt-os.windows.x86_32\dev_bundle\lib\node_modules\npm\node_modules\graceful-fs\graceful-fs.js:43:10
5 verbose stack     at Object.oncomplete (fs.js:108:15)
6 verbose cwd C:\Users\SDenis\dev\github\aurelia-loader-meteor
7 error Windows_NT 10.0.10586
8 error argv "C:\\Users\\SDenis\\AppData\\Local\\.meteor\\packages\\meteor-tool\\1.3.0_3\\mt-os.windows.x86_32\\dev_bundle\\bin\\\\node.exe" "C:\\Users\\SDenis\\AppData\\Local\\.meteor\\packages\\meteor-tool\\1.3.0_3\\mt-os.windows.x86_32\\dev_bundle\\lib\\node_modules\\npm\\bin\\npm-cli.js" "publish"
9 error node v0.10.43
10 error npm  v2.14.22
11 error file C:\Users\SDenis\dev\github\aurelia-loader-meteor\package.json
12 error code EJSONPARSE
13 error Failed to parse json
13 error Trailing comma in object at 25:3
13 error   }
13 error   ^
14 error File: C:\Users\SDenis\dev\github\aurelia-loader-meteor\package.json
15 error Failed to parse package.json data.
15 error package.json must be actual JSON, not just JavaScript.
15 error
15 error This is not a bug in npm.
15 error Tell the package author to fix their package.json file. JSON.parse
16 verbose exit [ 1, true ]
